<?xml version="1.0" encoding="UTF-8"?>
<!-- Generated by org.testng.reporters.JUnitReportReporter -->
<testsuite hostname="Desktop-Monitor-2nd-Floor-Room3" failures="0" tests="1" name="com.arora.testscript.CustomerModule" time="0.018" errors="0" timestamp="2024-04-07T11:25:56 IST" skipped="0">
  <testcase classname="com.arora.testscript.CustomerModule" name="createCustomer" time="0.018"/>
  <system-out>
    <![CDATA[createCustomer]]>
  </system-out>
</testsuite> <!-- com.arora.testscript.CustomerModule -->
